<?xml version="1.0" encoding="UTF-8"?>
<testng-results ignored="0" total="1" passed="1" failed="0" skipped="0">
  <reporter-output>
  </reporter-output>
  <suite started-at="2021-04-05T21:29:08 CDT" name="Suite" finished-at="2021-04-05T21:29:27 CDT" duration-ms="18520">
    <groups>
    </groups>
    <test started-at="2021-04-05T21:29:08 CDT" name="Test" finished-at="2021-04-05T21:29:27 CDT" duration-ms="18520">
      <class name="camptestcases.FirstScript">
        <test-method is-config="true" signature="setup()[pri:0, instance:camptestcases.FirstScript@6f27a732]" started-at="2021-04-05T21:29:08 CDT" name="setup" finished-at="2021-04-05T21:29:17 CDT" duration-ms="9070" status="PASS">
          <reporter-output>
          </reporter-output>
        </test-method> <!-- setup -->
        <test-method signature="test1()[pri:0, instance:camptestcases.FirstScript@6f27a732]" started-at="2021-04-05T21:29:18 CDT" name="test1" finished-at="2021-04-05T21:29:27 CDT" duration-ms="9336" status="PASS">
          <reporter-output>
          </reporter-output>
        </test-method> <!-- test1 -->
      </class> <!-- camptestcases.FirstScript -->
    </test> <!-- Test -->
  </suite> <!-- Suite -->
</testng-results>
